[ 2016-04-21T09:14:32+08:00 ] 192.168.1.123 /RixCMS/App/Admin/Public/bootstrap/css/css/bootstrap-theme.min.css
INFO: [ app_init ] --START--
INFO: Run Behavior\BuildLiteBehavior [ RunTime:0.000000s ]
INFO: [ app_init ] --END-- [ RunTime:0.000000s ]
ERR: 无法加载模块:App

[ 2016-04-21T09:23:11+08:00 ] 192.168.1.123 /RixCMS/App/Admin/Public/bootstrap/css/css/bootstrap-theme.min.css
INFO: [ app_init ] --START--
INFO: Run Behavior\BuildLiteBehavior [ RunTime:0.000000s ]
INFO: [ app_init ] --END-- [ RunTime:0.000000s ]
ERR: 无法加载模块:App

[ 2016-04-21T09:25:24+08:00 ] 192.168.1.123 /RixCMS/App/Admin/Public/bootstrap/css/css/bootstrap-theme.min.css
INFO: [ app_init ] --START--
INFO: Run Behavior\BuildLiteBehavior [ RunTime:0.000000s ]
INFO: [ app_init ] --END-- [ RunTime:0.000000s ]
ERR: 无法加载模块:App

[ 2016-04-21T09:25:29+08:00 ] 192.168.1.123 /RixCMS/App/Admin/Public/bootstrap/css/css/bootstrap-theme.min.css
INFO: [ app_init ] --START--
INFO: Run Behavior\BuildLiteBehavior [ RunTime:0.000000s ]
INFO: [ app_init ] --END-- [ RunTime:0.000000s ]
ERR: 无法加载模块:App

[ 2016-04-21T09:25:37+08:00 ] 192.168.1.123 /RixCMS/App/Admin/Public/bootstrap/css/css/bootstrap-theme.min.css
INFO: [ app_init ] --START--
INFO: Run Behavior\BuildLiteBehavior [ RunTime:0.000000s ]
INFO: [ app_init ] --END-- [ RunTime:0.000000s ]
ERR: 无法加载模块:App

[ 2016-04-21T09:25:39+08:00 ] 192.168.1.123 /RixCMS/App/Admin/Public/bootstrap/css/css/bootstrap-theme.min.css
INFO: [ app_init ] --START--
INFO: Run Behavior\BuildLiteBehavior [ RunTime:0.000000s ]
INFO: [ app_init ] --END-- [ RunTime:0.000000s ]
ERR: 无法加载模块:App

[ 2016-04-21T09:26:54+08:00 ] 192.168.1.123 /RixCMS/App/Admin/Public/bootstrap/css/css/bootstrap-theme.min.css
INFO: [ app_init ] --START--
INFO: Run Behavior\BuildLiteBehavior [ RunTime:0.000000s ]
INFO: [ app_init ] --END-- [ RunTime:0.000000s ]
ERR: 无法加载模块:App

[ 2016-04-21T09:27:00+08:00 ] 192.168.1.123 /RixCMS/App/Admin/Public/bootstrap/css/css/bootstrap-theme.min.css
INFO: [ app_init ] --START--
INFO: Run Behavior\BuildLiteBehavior [ RunTime:0.000000s ]
INFO: [ app_init ] --END-- [ RunTime:0.000000s ]
ERR: 无法加载模块:App

[ 2016-04-21T09:27:41+08:00 ] 192.168.1.123 /RixCMS/App/Admin/Public/bootstrap/css/css/bootstrap-theme.min.css
INFO: [ app_init ] --START--
INFO: Run Behavior\BuildLiteBehavior [ RunTime:0.000000s ]
INFO: [ app_init ] --END-- [ RunTime:0.000000s ]
ERR: 无法加载模块:App

[ 2016-04-21T09:33:38+08:00 ] 192.168.1.123 /RixCMS/App/Admin/Public/bootstrap/css/css/bootstrap-theme.min.css
INFO: [ app_init ] --START--
INFO: Run Behavior\BuildLiteBehavior [ RunTime:0.000000s ]
INFO: [ app_init ] --END-- [ RunTime:0.000000s ]
ERR: 无法加载模块:App

[ 2016-04-21T09:34:16+08:00 ] 192.168.1.123 /RixCMS/App/Admin/Public/bootstrap/css/css/bootstrap-theme.min.css
INFO: [ app_init ] --START--
INFO: Run Behavior\BuildLiteBehavior [ RunTime:0.000000s ]
INFO: [ app_init ] --END-- [ RunTime:0.000000s ]
ERR: 无法加载模块:App

[ 2016-04-21T09:43:36+08:00 ] 192.168.1.123 /RixCMS/App/Admin/Public/bootstrap/css/css/bootstrap-theme.min.css
INFO: [ app_init ] --START--
INFO: Run Behavior\BuildLiteBehavior [ RunTime:0.000000s ]
INFO: [ app_init ] --END-- [ RunTime:0.010000s ]
ERR: 无法加载模块:App

[ 2016-04-21T09:43:40+08:00 ] 192.168.1.123 /RixCMS/App/Admin/Public/bootstrap/css/css/bootstrap-theme.min.css
INFO: [ app_init ] --START--
INFO: Run Behavior\BuildLiteBehavior [ RunTime:0.000000s ]
INFO: [ app_init ] --END-- [ RunTime:0.000000s ]
ERR: 无法加载模块:App

[ 2016-04-21T09:44:38+08:00 ] 192.168.1.123 /RixCMS/App/Admin/Public/bootstrap/css/css/bootstrap-theme.min.css
INFO: [ app_init ] --START--
INFO: Run Behavior\BuildLiteBehavior [ RunTime:0.000000s ]
INFO: [ app_init ] --END-- [ RunTime:0.000000s ]
ERR: 无法加载模块:App

[ 2016-04-21T09:44:41+08:00 ] 192.168.1.123 /RixCMS/App/Admin/Public/bootstrap/css/css/bootstrap-theme.min.css
INFO: [ app_init ] --START--
INFO: Run Behavior\BuildLiteBehavior [ RunTime:0.000000s ]
INFO: [ app_init ] --END-- [ RunTime:0.000000s ]
ERR: 无法加载模块:App

[ 2016-04-21T09:45:26+08:00 ] 192.168.1.123 /RixCMS/App/Admin/Public/bootstrap/css/css/bootstrap-theme.min.css
INFO: [ app_init ] --START--
INFO: Run Behavior\BuildLiteBehavior [ RunTime:0.000000s ]
INFO: [ app_init ] --END-- [ RunTime:0.000000s ]
ERR: 无法加载模块:App

[ 2016-04-21T09:45:37+08:00 ] 192.168.1.123 /RixCMS/App/Admin/Public/bootstrap/css/css/bootstrap-theme.min.css
INFO: [ app_init ] --START--
INFO: Run Behavior\BuildLiteBehavior [ RunTime:0.000000s ]
INFO: [ app_init ] --END-- [ RunTime:0.000000s ]
ERR: 无法加载模块:App

[ 2016-04-21T09:46:07+08:00 ] 192.168.1.123 /RixCMS/App/Admin/Public/bootstrap/css/css/bootstrap-theme.min.css
INFO: [ app_init ] --START--
INFO: Run Behavior\BuildLiteBehavior [ RunTime:0.000000s ]
INFO: [ app_init ] --END-- [ RunTime:0.000000s ]
ERR: 无法加载模块:App

[ 2016-04-21T09:46:18+08:00 ] 192.168.1.123 /RixCMS/App/Admin/Public/bootstrap/css/css/bootstrap-theme.min.css
INFO: [ app_init ] --START--
INFO: Run Behavior\BuildLiteBehavior [ RunTime:0.000000s ]
INFO: [ app_init ] --END-- [ RunTime:0.000000s ]
ERR: 无法加载模块:App

[ 2016-04-21T09:46:55+08:00 ] 192.168.1.123 /RixCMS/App/Admin/Public/bootstrap/css/css/bootstrap-theme.min.css
INFO: [ app_init ] --START--
INFO: Run Behavior\BuildLiteBehavior [ RunTime:0.000000s ]
INFO: [ app_init ] --END-- [ RunTime:0.000000s ]
ERR: 无法加载模块:App

[ 2016-04-21T09:47:41+08:00 ] 192.168.1.123 /RixCMS/App/Admin/Public/bootstrap/css/css/bootstrap-theme.min.css
INFO: [ app_init ] --START--
INFO: Run Behavior\BuildLiteBehavior [ RunTime:0.000000s ]
INFO: [ app_init ] --END-- [ RunTime:0.000000s ]
ERR: 无法加载模块:App

[ 2016-04-21T09:47:43+08:00 ] 192.168.1.123 /RixCMS/App/Admin/Public/bootstrap/css/css/bootstrap-theme.min.css
INFO: [ app_init ] --START--
INFO: Run Behavior\BuildLiteBehavior [ RunTime:0.000000s ]
INFO: [ app_init ] --END-- [ RunTime:0.000000s ]
ERR: 无法加载模块:App

[ 2016-04-21T09:48:26+08:00 ] 192.168.1.123 /RixCMS/App/Admin/Public/bootstrap/css/css/bootstrap-theme.min.css
INFO: [ app_init ] --START--
INFO: Run Behavior\BuildLiteBehavior [ RunTime:0.000000s ]
INFO: [ app_init ] --END-- [ RunTime:0.000000s ]
ERR: 无法加载模块:App

[ 2016-04-21T09:48:28+08:00 ] 192.168.1.123 /RixCMS/App/Admin/Public/bootstrap/css/css/bootstrap-theme.min.css
INFO: [ app_init ] --START--
INFO: Run Behavior\BuildLiteBehavior [ RunTime:0.000000s ]
INFO: [ app_init ] --END-- [ RunTime:0.000000s ]
ERR: 无法加载模块:App

[ 2016-04-21T09:49:05+08:00 ] 192.168.1.123 /RixCMS/App/Admin/Public/bootstrap/css/css/bootstrap-theme.min.css
INFO: [ app_init ] --START--
INFO: Run Behavior\BuildLiteBehavior [ RunTime:0.000000s ]
INFO: [ app_init ] --END-- [ RunTime:0.000000s ]
ERR: 无法加载模块:App

[ 2016-04-21T09:49:07+08:00 ] 192.168.1.123 /RixCMS/App/Admin/Public/bootstrap/css/css/bootstrap-theme.min.css
INFO: [ app_init ] --START--
INFO: Run Behavior\BuildLiteBehavior [ RunTime:0.000000s ]
INFO: [ app_init ] --END-- [ RunTime:0.000000s ]
ERR: 无法加载模块:App

[ 2016-04-21T09:58:04+08:00 ] 192.168.1.123 /RixCMS/App/Admin/Public/bootstrap/css/css/bootstrap-theme.min.css
INFO: [ app_init ] --START--
INFO: Run Behavior\BuildLiteBehavior [ RunTime:0.000000s ]
INFO: [ app_init ] --END-- [ RunTime:0.000000s ]
ERR: 无法加载模块:App

[ 2016-04-21T09:58:06+08:00 ] 192.168.1.123 /RixCMS/App/Admin/Public/bootstrap/css/css/bootstrap-theme.min.css
INFO: [ app_init ] --START--
INFO: Run Behavior\BuildLiteBehavior [ RunTime:0.000000s ]
INFO: [ app_init ] --END-- [ RunTime:0.000000s ]
ERR: 无法加载模块:App

[ 2016-04-21T10:00:34+08:00 ] 192.168.1.123 /RixCMS/App/Admin/Public/bootstrap/css/css/bootstrap-theme.min.css
INFO: [ app_init ] --START--
INFO: Run Behavior\BuildLiteBehavior [ RunTime:0.000000s ]
INFO: [ app_init ] --END-- [ RunTime:0.000000s ]
ERR: 无法加载模块:App

[ 2016-04-21T10:00:37+08:00 ] 192.168.1.123 /RixCMS/App/Admin/Public/bootstrap/css/css/bootstrap-theme.min.css
INFO: [ app_init ] --START--
INFO: Run Behavior\BuildLiteBehavior [ RunTime:0.000000s ]
INFO: [ app_init ] --END-- [ RunTime:0.000000s ]
ERR: 无法加载模块:App

[ 2016-04-21T10:00:41+08:00 ] 192.168.1.123 /RixCMS/App/Admin/Public/bootstrap/css/css/bootstrap-theme.min.css
INFO: [ app_init ] --START--
INFO: Run Behavior\BuildLiteBehavior [ RunTime:0.000000s ]
INFO: [ app_init ] --END-- [ RunTime:0.000000s ]
ERR: 无法加载模块:App

[ 2016-04-21T10:01:05+08:00 ] 192.168.1.123 /RixCMS/App/Admin/Public/bootstrap/css/css/bootstrap-theme.min.css
INFO: [ app_init ] --START--
INFO: Run Behavior\BuildLiteBehavior [ RunTime:0.000000s ]
INFO: [ app_init ] --END-- [ RunTime:0.000000s ]
ERR: 无法加载模块:App

[ 2016-04-21T10:01:07+08:00 ] 192.168.1.123 /RixCMS/App/Admin/Public/bootstrap/css/css/bootstrap-theme.min.css
INFO: [ app_init ] --START--
INFO: Run Behavior\BuildLiteBehavior [ RunTime:0.000000s ]
INFO: [ app_init ] --END-- [ RunTime:0.000000s ]
ERR: 无法加载模块:App

[ 2016-04-21T10:01:35+08:00 ] 192.168.1.123 /RixCMS/App/Admin/Public/bootstrap/css/css/bootstrap-theme.min.css
INFO: [ app_init ] --START--
INFO: Run Behavior\BuildLiteBehavior [ RunTime:0.000000s ]
INFO: [ app_init ] --END-- [ RunTime:0.000000s ]
ERR: 无法加载模块:App

[ 2016-04-21T10:01:42+08:00 ] 192.168.1.123 /RixCMS/App/Admin/Public/bootstrap/css/css/bootstrap-theme.min.css
INFO: [ app_init ] --START--
INFO: Run Behavior\BuildLiteBehavior [ RunTime:0.000000s ]
INFO: [ app_init ] --END-- [ RunTime:0.000000s ]
ERR: 无法加载模块:App

[ 2016-04-21T10:01:49+08:00 ] 192.168.1.123 /RixCMS/App/Admin/Public/bootstrap/css/css/bootstrap-theme.min.css
INFO: [ app_init ] --START--
INFO: Run Behavior\BuildLiteBehavior [ RunTime:0.000000s ]
INFO: [ app_init ] --END-- [ RunTime:0.000000s ]
ERR: 无法加载模块:App

[ 2016-04-21T10:01:51+08:00 ] 192.168.1.123 /RixCMS/App/Admin/Public/bootstrap/css/css/bootstrap-theme.min.css
INFO: [ app_init ] --START--
INFO: Run Behavior\BuildLiteBehavior [ RunTime:0.000000s ]
INFO: [ app_init ] --END-- [ RunTime:0.000000s ]
ERR: 无法加载模块:App

[ 2016-04-21T10:22:24+08:00 ] 192.168.1.123 /RixCMS/App/Admin/Public/bootstrap/css/css/bootstrap-theme.min.css
INFO: [ app_init ] --START--
INFO: Run Behavior\BuildLiteBehavior [ RunTime:0.000000s ]
INFO: [ app_init ] --END-- [ RunTime:0.000500s ]
ERR: 无法加载模块:App

[ 2016-04-21T10:22:30+08:00 ] 192.168.1.123 /RixCMS/App/Admin/Public/bootstrap/css/css/bootstrap-theme.min.css
INFO: [ app_init ] --START--
INFO: Run Behavior\BuildLiteBehavior [ RunTime:0.000000s ]
INFO: [ app_init ] --END-- [ RunTime:0.000500s ]
ERR: 无法加载模块:App

[ 2016-04-21T10:23:40+08:00 ] 192.168.1.123 /RixCMS/App/Admin/Public/bootstrap/css/css/bootstrap-theme.min.css
INFO: [ app_init ] --START--
INFO: Run Behavior\BuildLiteBehavior [ RunTime:0.000000s ]
INFO: [ app_init ] --END-- [ RunTime:0.000500s ]
ERR: 无法加载模块:App

[ 2016-04-21T10:23:43+08:00 ] 192.168.1.123 /RixCMS/App/Admin/Public/bootstrap/css/css/bootstrap-theme.min.css
INFO: [ app_init ] --START--
INFO: Run Behavior\BuildLiteBehavior [ RunTime:0.000000s ]
INFO: [ app_init ] --END-- [ RunTime:0.000500s ]
ERR: 无法加载模块:App

[ 2016-04-21T10:44:21+08:00 ] 192.168.1.123 /RixCMS/App/Admin/Public/bootstrap/css/css/bootstrap-theme.min.css
INFO: [ app_init ] --START--
INFO: Run Behavior\BuildLiteBehavior [ RunTime:0.000000s ]
INFO: [ app_init ] --END-- [ RunTime:0.000500s ]
ERR: 无法加载模块:App

[ 2016-04-21T10:44:23+08:00 ] 192.168.1.123 /RixCMS/App/Admin/Public/bootstrap/css/css/bootstrap-theme.min.css
INFO: [ app_init ] --START--
INFO: Run Behavior\BuildLiteBehavior [ RunTime:0.000000s ]
INFO: [ app_init ] --END-- [ RunTime:0.000500s ]
ERR: 无法加载模块:App

[ 2016-04-21T10:45:09+08:00 ] 192.168.1.123 /RixCMS/App/Admin/Public/bootstrap/css/css/bootstrap-theme.min.css
INFO: [ app_init ] --START--
INFO: Run Behavior\BuildLiteBehavior [ RunTime:0.000000s ]
INFO: [ app_init ] --END-- [ RunTime:0.000500s ]
ERR: 无法加载模块:App

[ 2016-04-21T10:45:12+08:00 ] 192.168.1.123 /RixCMS/App/Admin/Public/bootstrap/css/css/bootstrap-theme.min.css
INFO: [ app_init ] --START--
INFO: Run Behavior\BuildLiteBehavior [ RunTime:0.000000s ]
INFO: [ app_init ] --END-- [ RunTime:0.000500s ]
ERR: 无法加载模块:App

[ 2016-04-21T10:48:05+08:00 ] 192.168.1.123 /RixCMS/App/Admin/Public/bootstrap/css/css/bootstrap-theme.min.css
INFO: [ app_init ] --START--
INFO: Run Behavior\BuildLiteBehavior [ RunTime:0.000000s ]
INFO: [ app_init ] --END-- [ RunTime:0.000500s ]
ERR: 无法加载模块:App

[ 2016-04-21T10:48:07+08:00 ] 192.168.1.123 /RixCMS/App/Admin/Public/bootstrap/css/css/bootstrap-theme.min.css
INFO: [ app_init ] --START--
INFO: Run Behavior\BuildLiteBehavior [ RunTime:0.000000s ]
INFO: [ app_init ] --END-- [ RunTime:0.000500s ]
ERR: 无法加载模块:App

[ 2016-04-21T10:51:26+08:00 ] 192.168.1.123 /RixCMS/App/Admin/Public/bootstrap/css/css/bootstrap-theme.min.css
INFO: [ app_init ] --START--
INFO: Run Behavior\BuildLiteBehavior [ RunTime:0.000000s ]
INFO: [ app_init ] --END-- [ RunTime:0.000500s ]
ERR: 无法加载模块:App

[ 2016-04-21T10:51:29+08:00 ] 192.168.1.123 /RixCMS/App/Admin/Public/bootstrap/css/css/bootstrap-theme.min.css
INFO: [ app_init ] --START--
INFO: Run Behavior\BuildLiteBehavior [ RunTime:0.000000s ]
INFO: [ app_init ] --END-- [ RunTime:0.000000s ]
ERR: 无法加载模块:App

[ 2016-04-21T10:51:39+08:00 ] 192.168.1.123 /RixCMS/App/Admin/Public/bootstrap/css/css/bootstrap-theme.min.css
INFO: [ app_init ] --START--
INFO: Run Behavior\BuildLiteBehavior [ RunTime:0.000000s ]
INFO: [ app_init ] --END-- [ RunTime:0.000500s ]
ERR: 无法加载模块:App

[ 2016-04-21T10:57:20+08:00 ] 192.168.1.123 /RixCMS/App/Admin/Public/bootstrap/css/css/bootstrap-theme.min.css
INFO: [ app_init ] --START--
INFO: Run Behavior\BuildLiteBehavior [ RunTime:0.000000s ]
INFO: [ app_init ] --END-- [ RunTime:0.000000s ]
ERR: 无法加载模块:App

[ 2016-04-21T10:57:22+08:00 ] 192.168.1.123 /RixCMS/App/Admin/Public/bootstrap/css/css/bootstrap-theme.min.css
INFO: [ app_init ] --START--
INFO: Run Behavior\BuildLiteBehavior [ RunTime:0.000000s ]
INFO: [ app_init ] --END-- [ RunTime:0.000500s ]
ERR: 无法加载模块:App

[ 2016-04-21T10:57:31+08:00 ] 192.168.1.123 /RixCMS/App/Admin/Public/bootstrap/css/css/bootstrap-theme.min.css
INFO: [ app_init ] --START--
INFO: Run Behavior\BuildLiteBehavior [ RunTime:0.000000s ]
INFO: [ app_init ] --END-- [ RunTime:0.000500s ]
ERR: 无法加载模块:App

[ 2016-04-21T10:59:05+08:00 ] 192.168.1.123 /RixCMS/App/Admin/Public/bootstrap/css/css/bootstrap-theme.min.css
INFO: [ app_init ] --START--
INFO: Run Behavior\BuildLiteBehavior [ RunTime:0.000000s ]
INFO: [ app_init ] --END-- [ RunTime:0.000500s ]
ERR: 无法加载模块:App

[ 2016-04-21T10:59:14+08:00 ] 192.168.1.122 /RixCMS/App/Admin/Public/bootstrap/css/css/bootstrap-theme.min.css
INFO: [ app_init ] --START--
INFO: Run Behavior\BuildLiteBehavior [ RunTime:0.000000s ]
INFO: [ app_init ] --END-- [ RunTime:0.000500s ]
ERR: 无法加载模块:App

[ 2016-04-21T10:59:48+08:00 ] 192.168.1.123 /RixCMS/App/Admin/Public/bootstrap/css/css/bootstrap-theme.min.css
INFO: [ app_init ] --START--
INFO: Run Behavior\BuildLiteBehavior [ RunTime:0.000000s ]
INFO: [ app_init ] --END-- [ RunTime:0.000000s ]
ERR: 无法加载模块:App

[ 2016-04-21T10:59:50+08:00 ] 192.168.1.123 /RixCMS/App/Admin/Public/bootstrap/css/css/bootstrap-theme.min.css
INFO: [ app_init ] --START--
INFO: Run Behavior\BuildLiteBehavior [ RunTime:0.000000s ]
INFO: [ app_init ] --END-- [ RunTime:0.000500s ]
ERR: 无法加载模块:App

[ 2016-04-21T11:03:36+08:00 ] 192.168.1.123 /RixCMS/App/Admin/Public/bootstrap/css/css/bootstrap-theme.min.css
INFO: [ app_init ] --START--
INFO: Run Behavior\BuildLiteBehavior [ RunTime:0.000000s ]
INFO: [ app_init ] --END-- [ RunTime:0.000000s ]
ERR: 无法加载模块:App

[ 2016-04-21T11:03:39+08:00 ] 192.168.1.123 /RixCMS/App/Admin/Public/bootstrap/css/css/bootstrap-theme.min.css
INFO: [ app_init ] --START--
INFO: Run Behavior\BuildLiteBehavior [ RunTime:0.000000s ]
INFO: [ app_init ] --END-- [ RunTime:0.000000s ]
ERR: 无法加载模块:App

[ 2016-04-21T11:03:49+08:00 ] 192.168.1.123 /RixCMS/App/Admin/Public/bootstrap/css/css/bootstrap-theme.min.css
INFO: [ app_init ] --START--
INFO: Run Behavior\BuildLiteBehavior [ RunTime:0.000000s ]
INFO: [ app_init ] --END-- [ RunTime:0.000000s ]
ERR: 无法加载模块:App

[ 2016-04-21T11:05:51+08:00 ] 192.168.1.123 /RixCMS/App/Admin/Public/bootstrap/css/css/bootstrap-theme.min.css
INFO: [ app_init ] --START--
INFO: Run Behavior\BuildLiteBehavior [ RunTime:0.000000s ]
INFO: [ app_init ] --END-- [ RunTime:0.000500s ]
ERR: 无法加载模块:App

[ 2016-04-21T11:06:28+08:00 ] 192.168.1.123 /RixCMS/App/Admin/Public/bootstrap/css/css/bootstrap-theme.min.css
INFO: [ app_init ] --START--
INFO: Run Behavior\BuildLiteBehavior [ RunTime:0.000000s ]
INFO: [ app_init ] --END-- [ RunTime:0.000500s ]
ERR: 无法加载模块:App

[ 2016-04-21T11:06:30+08:00 ] 192.168.1.123 /RixCMS/App/Admin/Public/bootstrap/css/css/bootstrap-theme.min.css
INFO: [ app_init ] --START--
INFO: Run Behavior\BuildLiteBehavior [ RunTime:0.000000s ]
INFO: [ app_init ] --END-- [ RunTime:0.000500s ]
ERR: 无法加载模块:App

[ 2016-04-21T11:09:43+08:00 ] 192.168.1.123 /RixCMS/App/Admin/Public/bootstrap/css/css/bootstrap-theme.min.css
INFO: [ app_init ] --START--
INFO: Run Behavior\BuildLiteBehavior [ RunTime:0.000000s ]
INFO: [ app_init ] --END-- [ RunTime:0.000500s ]
ERR: 无法加载模块:App

[ 2016-04-21T11:09:46+08:00 ] 192.168.1.123 /RixCMS/App/Admin/Public/bootstrap/css/css/bootstrap-theme.min.css
INFO: [ app_init ] --START--
INFO: Run Behavior\BuildLiteBehavior [ RunTime:0.000000s ]
INFO: [ app_init ] --END-- [ RunTime:0.000500s ]
ERR: 无法加载模块:App

[ 2016-04-21T11:09:54+08:00 ] 192.168.1.123 /RixCMS/App/Admin/Public/bootstrap/css/css/bootstrap-theme.min.css
INFO: [ app_init ] --START--
INFO: Run Behavior\BuildLiteBehavior [ RunTime:0.000000s ]
INFO: [ app_init ] --END-- [ RunTime:0.000500s ]
ERR: 无法加载模块:App

[ 2016-04-21T11:12:37+08:00 ] 192.168.1.123 /RixCMS/App/Admin/Public/bootstrap/css/css/bootstrap-theme.min.css
INFO: [ app_init ] --START--
INFO: Run Behavior\BuildLiteBehavior [ RunTime:0.000000s ]
INFO: [ app_init ] --END-- [ RunTime:0.000500s ]
ERR: 无法加载模块:App

[ 2016-04-21T11:12:43+08:00 ] 192.168.1.123 /RixCMS/App/Admin/Public/bootstrap/css/css/bootstrap-theme.min.css
INFO: [ app_init ] --START--
INFO: Run Behavior\BuildLiteBehavior [ RunTime:0.000000s ]
INFO: [ app_init ] --END-- [ RunTime:0.000500s ]
ERR: 无法加载模块:App

[ 2016-04-21T11:14:20+08:00 ] 192.168.1.123 /RixCMS/App/Admin/Public/bootstrap/css/css/bootstrap-theme.min.css
INFO: [ app_init ] --START--
INFO: Run Behavior\BuildLiteBehavior [ RunTime:0.000000s ]
INFO: [ app_init ] --END-- [ RunTime:0.000500s ]
ERR: 无法加载模块:App

[ 2016-04-21T11:14:22+08:00 ] 192.168.1.123 /RixCMS/App/Admin/Public/bootstrap/css/css/bootstrap-theme.min.css
INFO: [ app_init ] --START--
INFO: Run Behavior\BuildLiteBehavior [ RunTime:0.000000s ]
INFO: [ app_init ] --END-- [ RunTime:0.000500s ]
ERR: 无法加载模块:App

[ 2016-04-21T11:14:29+08:00 ] 192.168.1.123 /RixCMS/App/Admin/Public/bootstrap/css/css/bootstrap-theme.min.css
INFO: [ app_init ] --START--
INFO: Run Behavior\BuildLiteBehavior [ RunTime:0.000000s ]
INFO: [ app_init ] --END-- [ RunTime:0.000500s ]
ERR: 无法加载模块:App

[ 2016-04-21T11:14:34+08:00 ] 192.168.1.123 /RixCMS/App/Admin/Public/bootstrap/css/css/bootstrap-theme.min.css
INFO: [ app_init ] --START--
INFO: Run Behavior\BuildLiteBehavior [ RunTime:0.000000s ]
INFO: [ app_init ] --END-- [ RunTime:0.000500s ]
ERR: 无法加载模块:App

[ 2016-04-21T11:19:34+08:00 ] 192.168.1.123 /RixCMS/App/Admin/Public/bootstrap/css/css/bootstrap-theme.min.css
INFO: [ app_init ] --START--
INFO: Run Behavior\BuildLiteBehavior [ RunTime:0.000000s ]
INFO: [ app_init ] --END-- [ RunTime:0.000500s ]
ERR: 无法加载模块:App

[ 2016-04-21T11:29:27+08:00 ] 192.168.1.123 /RixCMS/App/Admin/Public/bootstrap/css/css/bootstrap-theme.min.css
INFO: [ app_init ] --START--
INFO: Run Behavior\BuildLiteBehavior [ RunTime:0.000000s ]
INFO: [ app_init ] --END-- [ RunTime:0.000500s ]
ERR: 无法加载模块:App

[ 2016-04-21T11:29:37+08:00 ] 192.168.1.123 /RixCMS/App/Admin/Public/bootstrap/css/css/bootstrap-theme.min.css
INFO: [ app_init ] --START--
INFO: Run Behavior\BuildLiteBehavior [ RunTime:0.000000s ]
INFO: [ app_init ] --END-- [ RunTime:0.000500s ]
ERR: 无法加载模块:App

[ 2016-04-21T11:33:26+08:00 ] 192.168.1.123 /RixCMS/App/Admin/Public/bootstrap/css/css/bootstrap-theme.min.css
INFO: [ app_init ] --START--
INFO: Run Behavior\BuildLiteBehavior [ RunTime:0.000000s ]
INFO: [ app_init ] --END-- [ RunTime:0.000000s ]
ERR: 无法加载模块:App

[ 2016-04-21T11:33:28+08:00 ] 192.168.1.123 /RixCMS/App/Admin/Public/bootstrap/css/css/bootstrap-theme.min.css
INFO: [ app_init ] --START--
INFO: Run Behavior\BuildLiteBehavior [ RunTime:0.000000s ]
INFO: [ app_init ] --END-- [ RunTime:0.000500s ]
ERR: 无法加载模块:App

[ 2016-04-21T11:33:44+08:00 ] 192.168.1.123 /RixCMS/App/Admin/Public/bootstrap/css/css/bootstrap-theme.min.css
INFO: [ app_init ] --START--
INFO: Run Behavior\BuildLiteBehavior [ RunTime:0.000000s ]
INFO: [ app_init ] --END-- [ RunTime:0.000000s ]
ERR: 无法加载模块:App

[ 2016-04-21T11:34:51+08:00 ] 192.168.1.123 /RixCMS/App/Admin/Public/bootstrap/css/css/bootstrap-theme.min.css
INFO: [ app_init ] --START--
INFO: Run Behavior\BuildLiteBehavior [ RunTime:0.000000s ]
INFO: [ app_init ] --END-- [ RunTime:0.000500s ]
ERR: 无法加载模块:App

[ 2016-04-21T11:35:44+08:00 ] 192.168.1.123 /RixCMS/App/Admin/Public/bootstrap/css/css/bootstrap-theme.min.css
INFO: [ app_init ] --START--
INFO: Run Behavior\BuildLiteBehavior [ RunTime:0.000000s ]
INFO: [ app_init ] --END-- [ RunTime:0.000000s ]
ERR: 无法加载模块:App

[ 2016-04-21T11:35:50+08:00 ] 192.168.1.123 /RixCMS/App/Admin/Public/bootstrap/css/css/bootstrap-theme.min.css
INFO: [ app_init ] --START--
INFO: Run Behavior\BuildLiteBehavior [ RunTime:0.000000s ]
INFO: [ app_init ] --END-- [ RunTime:0.000000s ]
ERR: 无法加载模块:App

[ 2016-04-21T11:36:54+08:00 ] 192.168.1.123 /RixCMS/App/Admin/Public/bootstrap/css/css/bootstrap-theme.min.css
INFO: [ app_init ] --START--
INFO: Run Behavior\BuildLiteBehavior [ RunTime:0.000000s ]
INFO: [ app_init ] --END-- [ RunTime:0.000000s ]
ERR: 无法加载模块:App

[ 2016-04-21T11:41:18+08:00 ] 192.168.1.123 /RixCMS/App/Admin/Public/bootstrap/css/css/bootstrap-theme.min.css
INFO: [ app_init ] --START--
INFO: Run Behavior\BuildLiteBehavior [ RunTime:0.000500s ]
INFO: [ app_init ] --END-- [ RunTime:0.000500s ]
ERR: 无法加载模块:App

[ 2016-04-21T11:47:28+08:00 ] 192.168.1.123 /RixCMS/App/Admin/Public/bootstrap/css/css/bootstrap-theme.min.css
INFO: [ app_init ] --START--
INFO: Run Behavior\BuildLiteBehavior [ RunTime:0.000000s ]
INFO: [ app_init ] --END-- [ RunTime:0.000500s ]
ERR: 无法加载模块:App

[ 2016-04-21T11:47:54+08:00 ] 192.168.1.123 /RixCMS/App/Admin/Public/bootstrap/css/css/bootstrap-theme.min.css
INFO: [ app_init ] --START--
INFO: Run Behavior\BuildLiteBehavior [ RunTime:0.000000s ]
INFO: [ app_init ] --END-- [ RunTime:0.000501s ]
ERR: 无法加载模块:App

[ 2016-04-21T11:47:57+08:00 ] 192.168.1.123 /RixCMS/App/Admin/Public/bootstrap/css/css/bootstrap-theme.min.css
INFO: [ app_init ] --START--
INFO: Run Behavior\BuildLiteBehavior [ RunTime:0.000500s ]
INFO: [ app_init ] --END-- [ RunTime:0.000500s ]
ERR: 无法加载模块:App

[ 2016-04-21T11:49:13+08:00 ] 192.168.1.123 /RixCMS/App/Admin/Public/bootstrap/css/css/bootstrap-theme.min.css
INFO: [ app_init ] --START--
INFO: Run Behavior\BuildLiteBehavior [ RunTime:0.000000s ]
INFO: [ app_init ] --END-- [ RunTime:0.000500s ]
ERR: 无法加载模块:App

[ 2016-04-21T11:50:45+08:00 ] 192.168.1.123 /RixCMS/App/Admin/Public/bootstrap/css/css/bootstrap-theme.min.css
INFO: [ app_init ] --START--
INFO: Run Behavior\BuildLiteBehavior [ RunTime:0.000500s ]
INFO: [ app_init ] --END-- [ RunTime:0.000500s ]
ERR: 无法加载模块:App

[ 2016-04-21T11:50:48+08:00 ] 192.168.1.123 /RixCMS/App/Admin/Public/bootstrap/css/css/bootstrap-theme.min.css
INFO: [ app_init ] --START--
INFO: Run Behavior\BuildLiteBehavior [ RunTime:0.000000s ]
INFO: [ app_init ] --END-- [ RunTime:0.000000s ]
ERR: 无法加载模块:App

[ 2016-04-21T11:51:07+08:00 ] 192.168.1.123 /RixCMS/App/Admin/Public/bootstrap/css/css/bootstrap-theme.min.css
INFO: [ app_init ] --START--
INFO: Run Behavior\BuildLiteBehavior [ RunTime:0.000000s ]
INFO: [ app_init ] --END-- [ RunTime:0.000500s ]
ERR: 无法加载模块:App

[ 2016-04-21T11:51:49+08:00 ] 192.168.1.123 /RixCMS/App/Admin/Public/bootstrap/css/css/bootstrap-theme.min.css
INFO: [ app_init ] --START--
INFO: Run Behavior\BuildLiteBehavior [ RunTime:0.000000s ]
INFO: [ app_init ] --END-- [ RunTime:0.000500s ]
ERR: 无法加载模块:App

[ 2016-04-21T11:52:50+08:00 ] 192.168.1.123 /RixCMS/App/Admin/Public/bootstrap/css/css/bootstrap-theme.min.css
INFO: [ app_init ] --START--
INFO: Run Behavior\BuildLiteBehavior [ RunTime:0.000000s ]
INFO: [ app_init ] --END-- [ RunTime:0.000500s ]
ERR: 无法加载模块:App

[ 2016-04-21T11:52:54+08:00 ] 192.168.1.123 /RixCMS/App/Admin/Public/bootstrap/css/css/bootstrap-theme.min.css
INFO: [ app_init ] --START--
INFO: Run Behavior\BuildLiteBehavior [ RunTime:0.000000s ]
INFO: [ app_init ] --END-- [ RunTime:0.000500s ]
ERR: 无法加载模块:App

[ 2016-04-21T11:53:33+08:00 ] 192.168.1.123 /RixCMS/App/Admin/Public/bootstrap/css/css/bootstrap-theme.min.css
INFO: [ app_init ] --START--
INFO: Run Behavior\BuildLiteBehavior [ RunTime:0.000000s ]
INFO: [ app_init ] --END-- [ RunTime:0.000500s ]
ERR: 无法加载模块:App

[ 2016-04-21T11:54:13+08:00 ] 192.168.1.123 /RixCMS/App/Admin/Public/bootstrap/css/css/bootstrap-theme.min.css
INFO: [ app_init ] --START--
INFO: Run Behavior\BuildLiteBehavior [ RunTime:0.000000s ]
INFO: [ app_init ] --END-- [ RunTime:0.000000s ]
ERR: 无法加载模块:App

[ 2016-04-21T11:54:16+08:00 ] 192.168.1.123 /RixCMS/App/Admin/Public/bootstrap/css/css/bootstrap-theme.min.css
INFO: [ app_init ] --START--
INFO: Run Behavior\BuildLiteBehavior [ RunTime:0.000000s ]
INFO: [ app_init ] --END-- [ RunTime:0.000500s ]
ERR: 无法加载模块:App

[ 2016-04-21T11:54:18+08:00 ] 192.168.1.123 /RixCMS/App/Admin/Public/bootstrap/css/css/bootstrap-theme.min.css
INFO: [ app_init ] --START--
INFO: Run Behavior\BuildLiteBehavior [ RunTime:0.000000s ]
INFO: [ app_init ] --END-- [ RunTime:0.000000s ]
ERR: 无法加载模块:App

[ 2016-04-21T11:55:46+08:00 ] 192.168.1.123 /RixCMS/App/Admin/Public/bootstrap/css/css/bootstrap-theme.min.css
INFO: [ app_init ] --START--
INFO: Run Behavior\BuildLiteBehavior [ RunTime:0.000000s ]
INFO: [ app_init ] --END-- [ RunTime:0.000500s ]
ERR: 无法加载模块:App

[ 2016-04-21T11:55:49+08:00 ] 192.168.1.123 /RixCMS/App/Admin/Public/bootstrap/css/css/bootstrap-theme.min.css
INFO: [ app_init ] --START--
INFO: Run Behavior\BuildLiteBehavior [ RunTime:0.000000s ]
INFO: [ app_init ] --END-- [ RunTime:0.000500s ]
ERR: 无法加载模块:App

[ 2016-04-21T11:55:51+08:00 ] 192.168.1.123 /RixCMS/App/Admin/Public/bootstrap/css/css/bootstrap-theme.min.css
INFO: [ app_init ] --START--
INFO: Run Behavior\BuildLiteBehavior [ RunTime:0.000000s ]
INFO: [ app_init ] --END-- [ RunTime:0.000000s ]
ERR: 无法加载模块:App

[ 2016-04-21T11:55:54+08:00 ] 192.168.1.123 /RixCMS/App/Admin/Public/bootstrap/css/css/bootstrap-theme.min.css
INFO: [ app_init ] --START--
INFO: Run Behavior\BuildLiteBehavior [ RunTime:0.000000s ]
INFO: [ app_init ] --END-- [ RunTime:0.000000s ]
ERR: 无法加载模块:App

[ 2016-04-21T11:56:24+08:00 ] 192.168.1.123 /RixCMS/App/Admin/Public/bootstrap/css/css/bootstrap-theme.min.css
INFO: [ app_init ] --START--
INFO: Run Behavior\BuildLiteBehavior [ RunTime:0.000000s ]
INFO: [ app_init ] --END-- [ RunTime:0.000000s ]
ERR: 无法加载模块:App

[ 2016-04-21T12:00:38+08:00 ] 192.168.1.123 /RixCMS/App/Admin/Public/bootstrap/css/css/bootstrap-theme.min.css
INFO: [ app_init ] --START--
INFO: Run Behavior\BuildLiteBehavior [ RunTime:0.000500s ]
INFO: [ app_init ] --END-- [ RunTime:0.000500s ]
ERR: 无法加载模块:App

[ 2016-04-21T12:01:11+08:00 ] 192.168.1.123 /RixCMS/App/Admin/Public/bootstrap/css/css/bootstrap-theme.min.css
INFO: [ app_init ] --START--
INFO: Run Behavior\BuildLiteBehavior [ RunTime:0.000000s ]
INFO: [ app_init ] --END-- [ RunTime:0.000000s ]
ERR: 无法加载模块:App

[ 2016-04-21T12:01:51+08:00 ] 192.168.1.123 /RixCMS/App/Admin/Public/bootstrap/css/css/bootstrap-theme.min.css
INFO: [ app_init ] --START--
INFO: Run Behavior\BuildLiteBehavior [ RunTime:0.000000s ]
INFO: [ app_init ] --END-- [ RunTime:0.000501s ]
ERR: 无法加载模块:App

[ 2016-04-21T12:02:08+08:00 ] 192.168.1.123 /RixCMS/App/Admin/Public/bootstrap/css/css/bootstrap-theme.min.css
INFO: [ app_init ] --START--
INFO: Run Behavior\BuildLiteBehavior [ RunTime:0.000000s ]
INFO: [ app_init ] --END-- [ RunTime:0.000500s ]
ERR: 无法加载模块:App

[ 2016-04-21T12:02:11+08:00 ] 192.168.1.123 /RixCMS/App/Admin/Public/bootstrap/css/css/bootstrap-theme.min.css
INFO: [ app_init ] --START--
INFO: Run Behavior\BuildLiteBehavior [ RunTime:0.000000s ]
INFO: [ app_init ] --END-- [ RunTime:0.000000s ]
ERR: 无法加载模块:App

[ 2016-04-21T12:02:21+08:00 ] 192.168.1.123 /RixCMS/App/Admin/Public/bootstrap/css/css/bootstrap-theme.min.css
INFO: [ app_init ] --START--
INFO: Run Behavior\BuildLiteBehavior [ RunTime:0.000000s ]
INFO: [ app_init ] --END-- [ RunTime:0.000500s ]
ERR: 无法加载模块:App

[ 2016-04-21T12:02:26+08:00 ] 192.168.1.123 /RixCMS/App/Admin/Public/bootstrap/css/css/bootstrap-theme.min.css
INFO: [ app_init ] --START--
INFO: Run Behavior\BuildLiteBehavior [ RunTime:0.000000s ]
INFO: [ app_init ] --END-- [ RunTime:0.000500s ]
ERR: 无法加载模块:App

[ 2016-04-21T12:02:36+08:00 ] 192.168.1.123 /RixCMS/App/Admin/Public/bootstrap/css/css/bootstrap-theme.min.css
INFO: [ app_init ] --START--
INFO: Run Behavior\BuildLiteBehavior [ RunTime:0.000000s ]
INFO: [ app_init ] --END-- [ RunTime:0.000500s ]
ERR: 无法加载模块:App

[ 2016-04-21T12:50:06+08:00 ] 192.168.1.123 /RixCMS/App/Admin/Public/bootstrap/css/css/bootstrap-theme.min.css
INFO: [ app_init ] --START--
INFO: Run Behavior\BuildLiteBehavior [ RunTime:0.000000s ]
INFO: [ app_init ] --END-- [ RunTime:0.000500s ]
ERR: 无法加载模块:App

[ 2016-04-21T12:50:18+08:00 ] 192.168.1.123 /RixCMS/App/Admin/Public/bootstrap/css/css/bootstrap-theme.min.css
INFO: [ app_init ] --START--
INFO: Run Behavior\BuildLiteBehavior [ RunTime:0.000000s ]
INFO: [ app_init ] --END-- [ RunTime:0.000000s ]
ERR: 无法加载模块:App

[ 2016-04-21T12:50:21+08:00 ] 192.168.1.123 /RixCMS/App/Admin/Public/bootstrap/css/css/bootstrap-theme.min.css
INFO: [ app_init ] --START--
INFO: Run Behavior\BuildLiteBehavior [ RunTime:0.000000s ]
INFO: [ app_init ] --END-- [ RunTime:0.000500s ]
ERR: 无法加载模块:App

[ 2016-04-21T12:50:26+08:00 ] 192.168.1.123 /RixCMS/App/Admin/Public/bootstrap/css/css/bootstrap-theme.min.css
INFO: [ app_init ] --START--
INFO: Run Behavior\BuildLiteBehavior [ RunTime:0.000000s ]
INFO: [ app_init ] --END-- [ RunTime:0.000000s ]
ERR: 无法加载模块:App

[ 2016-04-21T12:50:54+08:00 ] 192.168.1.123 /RixCMS/App/Admin/Public/bootstrap/css/css/bootstrap-theme.min.css
INFO: [ app_init ] --START--
INFO: Run Behavior\BuildLiteBehavior [ RunTime:0.000500s ]
INFO: [ app_init ] --END-- [ RunTime:0.000500s ]
ERR: 无法加载模块:App

[ 2016-04-21T12:51:00+08:00 ] 192.168.1.123 /RixCMS/App/Admin/Public/bootstrap/css/css/bootstrap-theme.min.css
INFO: [ app_init ] --START--
INFO: Run Behavior\BuildLiteBehavior [ RunTime:0.000000s ]
INFO: [ app_init ] --END-- [ RunTime:0.000000s ]
ERR: 无法加载模块:App

[ 2016-04-21T12:51:13+08:00 ] 192.168.1.123 /RixCMS/App/Admin/Public/bootstrap/css/css/bootstrap-theme.min.css
INFO: [ app_init ] --START--
INFO: Run Behavior\BuildLiteBehavior [ RunTime:0.000000s ]
INFO: [ app_init ] --END-- [ RunTime:0.000500s ]
ERR: 无法加载模块:App

[ 2016-04-21T12:51:29+08:00 ] 192.168.1.123 /RixCMS/App/Admin/Public/bootstrap/css/css/bootstrap-theme.min.css
INFO: [ app_init ] --START--
INFO: Run Behavior\BuildLiteBehavior [ RunTime:0.000000s ]
INFO: [ app_init ] --END-- [ RunTime:0.000000s ]
ERR: 无法加载模块:App

[ 2016-04-21T12:51:51+08:00 ] 192.168.1.123 /RixCMS/App/Admin/Public/bootstrap/css/css/bootstrap-theme.min.css
INFO: [ app_init ] --START--
INFO: Run Behavior\BuildLiteBehavior [ RunTime:0.000000s ]
INFO: [ app_init ] --END-- [ RunTime:0.000500s ]
ERR: 无法加载模块:App

[ 2016-04-21T12:51:54+08:00 ] 192.168.1.123 /RixCMS/App/Admin/Public/bootstrap/css/css/bootstrap-theme.min.css
INFO: [ app_init ] --START--
INFO: Run Behavior\BuildLiteBehavior [ RunTime:0.000000s ]
INFO: [ app_init ] --END-- [ RunTime:0.000500s ]
ERR: 无法加载模块:App

[ 2016-04-21T12:52:20+08:00 ] 192.168.1.123 /RixCMS/App/Admin/Public/bootstrap/css/css/bootstrap-theme.min.css
INFO: [ app_init ] --START--
INFO: Run Behavior\BuildLiteBehavior [ RunTime:0.000000s ]
INFO: [ app_init ] --END-- [ RunTime:0.000500s ]
ERR: 无法加载模块:App

[ 2016-04-21T12:52:28+08:00 ] 192.168.1.123 /RixCMS/App/Admin/Public/bootstrap/css/css/bootstrap-theme.min.css
INFO: [ app_init ] --START--
INFO: Run Behavior\BuildLiteBehavior [ RunTime:0.000000s ]
INFO: [ app_init ] --END-- [ RunTime:0.000500s ]
ERR: 无法加载模块:App

[ 2016-04-21T12:52:37+08:00 ] 192.168.1.123 /RixCMS/App/Admin/Public/bootstrap/css/css/bootstrap-theme.min.css
INFO: [ app_init ] --START--
INFO: Run Behavior\BuildLiteBehavior [ RunTime:0.000000s ]
INFO: [ app_init ] --END-- [ RunTime:0.000500s ]
ERR: 无法加载模块:App

[ 2016-04-21T12:52:46+08:00 ] 192.168.1.123 /RixCMS/App/Admin/Public/bootstrap/css/css/bootstrap-theme.min.css
INFO: [ app_init ] --START--
INFO: Run Behavior\BuildLiteBehavior [ RunTime:0.000000s ]
INFO: [ app_init ] --END-- [ RunTime:0.000500s ]
ERR: 无法加载模块:App

[ 2016-04-21T12:52:53+08:00 ] 192.168.1.123 /RixCMS/App/Admin/Public/bootstrap/css/css/bootstrap-theme.min.css
INFO: [ app_init ] --START--
INFO: Run Behavior\BuildLiteBehavior [ RunTime:0.000000s ]
INFO: [ app_init ] --END-- [ RunTime:0.000500s ]
ERR: 无法加载模块:App

[ 2016-04-21T12:53:02+08:00 ] 192.168.1.123 /RixCMS/App/Admin/Public/bootstrap/css/css/bootstrap-theme.min.css
INFO: [ app_init ] --START--
INFO: Run Behavior\BuildLiteBehavior [ RunTime:0.000000s ]
INFO: [ app_init ] --END-- [ RunTime:0.000500s ]
ERR: 无法加载模块:App

[ 2016-04-21T12:53:25+08:00 ] 192.168.1.123 /RixCMS/App/Admin/Public/bootstrap/css/css/bootstrap-theme.min.css
INFO: [ app_init ] --START--
INFO: Run Behavior\BuildLiteBehavior [ RunTime:0.000000s ]
INFO: [ app_init ] --END-- [ RunTime:0.000000s ]
ERR: 无法加载模块:App

[ 2016-04-21T12:53:48+08:00 ] 192.168.1.123 /RixCMS/App/Admin/Public/bootstrap/css/css/bootstrap-theme.min.css
INFO: [ app_init ] --START--
INFO: Run Behavior\BuildLiteBehavior [ RunTime:0.000000s ]
INFO: [ app_init ] --END-- [ RunTime:0.000000s ]
ERR: 无法加载模块:App

[ 2016-04-21T12:53:58+08:00 ] 192.168.1.123 /RixCMS/App/Admin/Public/bootstrap/css/css/bootstrap-theme.min.css
INFO: [ app_init ] --START--
INFO: Run Behavior\BuildLiteBehavior [ RunTime:0.000000s ]
INFO: [ app_init ] --END-- [ RunTime:0.000500s ]
ERR: 无法加载模块:App

[ 2016-04-21T12:54:01+08:00 ] 192.168.1.123 /RixCMS/App/Admin/Public/bootstrap/css/css/bootstrap-theme.min.css
INFO: [ app_init ] --START--
INFO: Run Behavior\BuildLiteBehavior [ RunTime:0.000000s ]
INFO: [ app_init ] --END-- [ RunTime:0.000000s ]
ERR: 无法加载模块:App

[ 2016-04-21T12:56:47+08:00 ] 192.168.1.123 /RixCMS/App/Admin/Public/bootstrap/css/css/bootstrap-theme.min.css
INFO: [ app_init ] --START--
INFO: Run Behavior\BuildLiteBehavior [ RunTime:0.000000s ]
INFO: [ app_init ] --END-- [ RunTime:0.000500s ]
ERR: 无法加载模块:App

[ 2016-04-21T12:57:56+08:00 ] 192.168.1.123 /RixCMS/App/Admin/Public/bootstrap/css/css/bootstrap-theme.min.css
INFO: [ app_init ] --START--
INFO: Run Behavior\BuildLiteBehavior [ RunTime:0.000000s ]
INFO: [ app_init ] --END-- [ RunTime:0.000500s ]
ERR: 无法加载模块:App

[ 2016-04-21T12:59:36+08:00 ] 192.168.1.123 /RixCMS/App/Admin/Public/bootstrap/css/css/bootstrap-theme.min.css
INFO: [ app_init ] --START--
INFO: Run Behavior\BuildLiteBehavior [ RunTime:0.000000s ]
INFO: [ app_init ] --END-- [ RunTime:0.000500s ]
ERR: 无法加载模块:App

[ 2016-04-21T13:02:42+08:00 ] 192.168.1.123 /RixCMS/App/Admin/Public/bootstrap/css/css/bootstrap-theme.min.css
INFO: [ app_init ] --START--
INFO: Run Behavior\BuildLiteBehavior [ RunTime:0.000000s ]
INFO: [ app_init ] --END-- [ RunTime:0.000000s ]
ERR: 无法加载模块:App

