[ 2016-04-19T17:16:20+08:00 ] ::1 /RixCMS/App/Admin/Public/assets/js/jquery-2.0.3.min.map
INFO: [ app_init ] --START--
INFO: Run Behavior\BuildLiteBehavior [ RunTime:0.000000s ]
INFO: [ app_init ] --END-- [ RunTime:0.000000s ]
ERR: 无法加载模块:App

[ 2016-04-19T17:16:39+08:00 ] ::1 /RixCMS/App/Admin/Public/assets/js/jquery-2.0.3.min.map
INFO: [ app_init ] --START--
INFO: Run Behavior\BuildLiteBehavior [ RunTime:0.000000s ]
INFO: [ app_init ] --END-- [ RunTime:0.001000s ]
ERR: 无法加载模块:App

[ 2016-04-19T17:16:43+08:00 ] ::1 /RixCMS/App/Admin/Public/assets/js/jquery-2.0.3.min.map
INFO: [ app_init ] --START--
INFO: Run Behavior\BuildLiteBehavior [ RunTime:0.000000s ]
INFO: [ app_init ] --END-- [ RunTime:0.000000s ]
ERR: 无法加载模块:App

[ 2016-04-19T18:32:36+08:00 ] ::1 /RixCMS/App/Admin/Public/assets/js/jquery-2.0.3.min.map
INFO: [ app_init ] --START--
INFO: Run Behavior\BuildLiteBehavior [ RunTime:0.000000s ]
INFO: [ app_init ] --END-- [ RunTime:0.000000s ]
ERR: 无法加载模块:App

[ 2016-04-19T18:32:40+08:00 ] ::1 /RixCMS/App/Admin/Public/assets/js/jquery-2.0.3.min.map
INFO: [ app_init ] --START--
INFO: Run Behavior\BuildLiteBehavior [ RunTime:0.000000s ]
INFO: [ app_init ] --END-- [ RunTime:0.000000s ]
ERR: 无法加载模块:App

