[ 2016-04-22T09:28:43+08:00 ] ::1 /RixCMS/App/Admin/Public/bootstrap/css/css/bootstrap-theme.min.css
INFO: [ app_init ] --START--
INFO: Run Behavior\BuildLiteBehavior [ RunTime:0.000000s ]
INFO: [ app_init ] --END-- [ RunTime:0.000000s ]
ERR: 无法加载模块:App

[ 2016-04-22T09:41:42+08:00 ] ::1 /RixCMS/App/Admin/Public/bootstrap/css/css/bootstrap-theme.min.css
INFO: [ app_init ] --START--
INFO: Run Behavior\BuildLiteBehavior [ RunTime:0.000000s ]
INFO: [ app_init ] --END-- [ RunTime:0.000000s ]
ERR: 无法加载模块:App

[ 2016-04-22T09:53:45+08:00 ] 192.168.1.122 /RixCMS/App/Admin/Public/bootstrap/css/css/bootstrap-theme.min.css
INFO: [ app_init ] --START--
INFO: Run Behavior\BuildLiteBehavior [ RunTime:0.000000s ]
INFO: [ app_init ] --END-- [ RunTime:0.000000s ]
ERR: 无法加载模块:App

[ 2016-04-22T10:28:23+08:00 ] ::1 /RixCMS/App/Admin/Public/bootstrap/css/css/bootstrap-theme.min.css
INFO: [ app_init ] --START--
INFO: Run Behavior\BuildLiteBehavior [ RunTime:0.000000s ]
INFO: [ app_init ] --END-- [ RunTime:0.000000s ]
ERR: 无法加载模块:App

[ 2016-04-22T10:29:53+08:00 ] ::1 /RixCMS/App/Admin/Public/bootstrap/css/css/bootstrap-theme.min.css
INFO: [ app_init ] --START--
INFO: Run Behavior\BuildLiteBehavior [ RunTime:0.000000s ]
INFO: [ app_init ] --END-- [ RunTime:0.000000s ]
ERR: 无法加载模块:App

